20:47:03.084 [ApplicationImpl pooled thread 13] INFO  c.b.l.BrowserStackRunExtension - maven
20:47:03.093 [ApplicationImpl pooled thread 13] INFO  com.browserstack.utils.Helpers - null
21:14:25.012 [ApplicationImpl pooled thread 38] INFO  c.b.l.BrowserStackRunExtension - application
21:14:25.013 [ApplicationImpl pooled thread 38] INFO  com.browserstack.utils.Helpers - null
21:27:57.655 [ApplicationImpl pooled thread 44] INFO  c.b.l.BrowserStackRunExtension - application
21:27:57.656 [ApplicationImpl pooled thread 44] INFO  com.browserstack.utils.Helpers - null
22:08:02.592 [ApplicationImpl pooled thread 85] INFO  c.b.l.BrowserStackRunExtension - application
22:08:02.594 [ApplicationImpl pooled thread 85] INFO  com.browserstack.utils.Helpers - null
20:35:24.233 [ApplicationImpl pooled thread 21] INFO  c.b.l.BrowserStackRunExtension - application
20:35:24.239 [ApplicationImpl pooled thread 21] INFO  com.browserstack.utils.Helpers - null
20:39:29.509 [ApplicationImpl pooled thread 24] INFO  c.b.l.BrowserStackRunExtension - application
20:39:29.509 [ApplicationImpl pooled thread 24] INFO  com.browserstack.utils.Helpers - null
21:06:57.184 [ApplicationImpl pooled thread 37] INFO  c.b.l.BrowserStackRunExtension - application
21:06:57.189 [ApplicationImpl pooled thread 37] INFO  com.browserstack.utils.Helpers - null
21:09:50.311 [ApplicationImpl pooled thread 37] INFO  c.b.l.BrowserStackRunExtension - application
21:09:50.311 [ApplicationImpl pooled thread 37] INFO  com.browserstack.utils.Helpers - null
21:20:42.837 [ApplicationImpl pooled thread 51] INFO  c.b.l.BrowserStackRunExtension - application
21:20:42.837 [ApplicationImpl pooled thread 51] INFO  com.browserstack.utils.Helpers - null
19:55:42.369 [ApplicationImpl pooled thread 26] INFO  c.b.l.BrowserStackRunExtension - application
19:55:42.374 [ApplicationImpl pooled thread 26] INFO  com.browserstack.utils.Helpers - null
20:57:22.635 [ApplicationImpl pooled thread 63] INFO  c.b.l.BrowserStackRunExtension - testng
20:57:22.635 [ApplicationImpl pooled thread 63] INFO  com.browserstack.utils.Helpers - null
20:57:22.637 [ApplicationImpl pooled thread 63] INFO  c.b.l.BrowserStackRunExtension - Agent path: null
20:59:54.813 [ApplicationImpl pooled thread 61] INFO  c.b.l.BrowserStackRunExtension - testng
20:59:54.813 [ApplicationImpl pooled thread 61] INFO  com.browserstack.utils.Helpers - null
20:59:54.814 [ApplicationImpl pooled thread 61] INFO  c.b.l.BrowserStackRunExtension - Agent path: null
21:16:33.662 [ApplicationImpl pooled thread 91] INFO  c.b.l.BrowserStackRunExtension - testng
21:16:33.663 [ApplicationImpl pooled thread 91] INFO  com.browserstack.utils.Helpers - null
21:16:33.664 [ApplicationImpl pooled thread 91] INFO  c.b.l.BrowserStackRunExtension - Agent path: null
21:22:00.790 [ApplicationImpl pooled thread 96] INFO  c.b.l.BrowserStackRunExtension - testng
21:22:00.790 [ApplicationImpl pooled thread 96] INFO  com.browserstack.utils.Helpers - null
21:22:00.791 [ApplicationImpl pooled thread 96] INFO  c.b.l.BrowserStackRunExtension - Agent path: null
21:25:20.397 [ApplicationImpl pooled thread 96] INFO  c.b.l.BrowserStackRunExtension - testng
21:25:20.398 [ApplicationImpl pooled thread 96] INFO  com.browserstack.utils.Helpers - null
21:25:20.398 [ApplicationImpl pooled thread 96] INFO  c.b.l.BrowserStackRunExtension - Agent path: null
21:32:58.847 [ApplicationImpl pooled thread 100] INFO  c.b.l.BrowserStackRunExtension - testng
21:32:58.847 [ApplicationImpl pooled thread 100] INFO  com.browserstack.utils.Helpers - null
21:32:58.848 [ApplicationImpl pooled thread 100] INFO  c.b.l.BrowserStackRunExtension - Agent path: null
21:40:31.777 [ApplicationImpl pooled thread 111] INFO  c.b.l.BrowserStackRunExtension - testng
21:40:31.778 [ApplicationImpl pooled thread 111] INFO  com.browserstack.utils.Helpers - null
21:40:31.779 [ApplicationImpl pooled thread 111] INFO  c.b.l.BrowserStackRunExtension - Agent path: null
21:45:15.291 [ApplicationImpl pooled thread 114] INFO  c.b.l.BrowserStackRunExtension - testng
21:45:15.291 [ApplicationImpl pooled thread 114] INFO  com.browserstack.utils.Helpers - null
21:45:15.292 [ApplicationImpl pooled thread 114] INFO  c.b.l.BrowserStackRunExtension - Agent path: null
21:59:42.963 [ApplicationImpl pooled thread 131] INFO  c.b.l.BrowserStackRunExtension - testng
21:59:42.964 [ApplicationImpl pooled thread 131] INFO  com.browserstack.utils.Helpers - null
21:59:42.968 [ApplicationImpl pooled thread 131] INFO  c.b.l.BrowserStackRunExtension - Agent path: null
22:15:41.268 [ApplicationImpl pooled thread 147] INFO  c.b.l.BrowserStackRunExtension - testng
22:15:41.268 [ApplicationImpl pooled thread 147] INFO  com.browserstack.utils.Helpers - null
22:15:41.271 [ApplicationImpl pooled thread 147] INFO  c.b.l.BrowserStackRunExtension - Agent path: null
22:31:11.525 [ApplicationImpl pooled thread 162] INFO  c.b.l.BrowserStackRunExtension - testng
22:31:11.526 [ApplicationImpl pooled thread 162] INFO  com.browserstack.utils.Helpers - null
22:31:11.529 [ApplicationImpl pooled thread 162] INFO  c.b.l.BrowserStackRunExtension - Agent path: null
22:39:53.206 [ApplicationImpl pooled thread 179] INFO  c.b.l.BrowserStackRunExtension - testng
22:39:53.206 [ApplicationImpl pooled thread 179] INFO  com.browserstack.utils.Helpers - null
22:39:53.209 [ApplicationImpl pooled thread 179] INFO  c.b.l.BrowserStackRunExtension - Agent path: null
22:46:36.284 [ApplicationImpl pooled thread 178] INFO  c.b.l.BrowserStackRunExtension - testng
22:46:36.286 [ApplicationImpl pooled thread 178] INFO  com.browserstack.utils.Helpers - null
22:46:36.288 [ApplicationImpl pooled thread 178] INFO  c.b.l.BrowserStackRunExtension - Agent path: null
22:57:32.347 [ApplicationImpl pooled thread 190] INFO  c.b.l.BrowserStackRunExtension - testng
22:57:32.347 [ApplicationImpl pooled thread 190] INFO  com.browserstack.utils.Helpers - null
22:57:32.347 [ApplicationImpl pooled thread 190] INFO  c.b.l.BrowserStackRunExtension - Agent path: null
23:03:45.470 [ApplicationImpl pooled thread 178] INFO  c.b.l.BrowserStackRunExtension - testng
23:03:45.471 [ApplicationImpl pooled thread 178] INFO  com.browserstack.utils.Helpers - null
23:03:45.473 [ApplicationImpl pooled thread 178] INFO  c.b.l.BrowserStackRunExtension - Agent path: null
20:44:51.545 [ApplicationImpl pooled thread 13] INFO  c.b.l.BrowserStackRunExtension - testng
20:44:51.545 [ApplicationImpl pooled thread 13] INFO  com.browserstack.utils.Helpers - null
20:44:51.549 [ApplicationImpl pooled thread 13] INFO  c.b.l.BrowserStackRunExtension - Agent path: null
20:46:18.769 [ApplicationImpl pooled thread 1] INFO  c.b.l.BrowserStackRunExtension - testng
20:46:18.769 [ApplicationImpl pooled thread 1] INFO  com.browserstack.utils.Helpers - null
20:46:18.769 [ApplicationImpl pooled thread 1] INFO  c.b.l.BrowserStackRunExtension - Agent path: null
21:02:29.339 [ApplicationImpl pooled thread 18] INFO  c.b.l.BrowserStackRunExtension - testng
21:02:29.339 [ApplicationImpl pooled thread 18] INFO  com.browserstack.utils.Helpers - null
21:02:29.339 [ApplicationImpl pooled thread 18] INFO  c.b.l.BrowserStackRunExtension - Agent path: null
21:42:10.235 [ApplicationImpl pooled thread 54] INFO  c.b.l.BrowserStackRunExtension - testng
21:42:10.235 [ApplicationImpl pooled thread 54] INFO  com.browserstack.utils.Helpers - null
21:42:10.237 [ApplicationImpl pooled thread 54] INFO  c.b.l.BrowserStackRunExtension - Agent path: null
21:52:24.499 [ApplicationImpl pooled thread 60] INFO  c.b.l.BrowserStackRunExtension - testng
21:52:24.499 [ApplicationImpl pooled thread 60] INFO  com.browserstack.utils.Helpers - null
21:52:24.509 [ApplicationImpl pooled thread 60] INFO  c.b.l.BrowserStackRunExtension - Agent path: null
22:29:48.742 [ApplicationImpl pooled thread 89] INFO  c.b.l.BrowserStackRunExtension - testng
22:29:48.742 [ApplicationImpl pooled thread 89] INFO  com.browserstack.utils.Helpers - null
22:29:48.742 [ApplicationImpl pooled thread 89] INFO  c.b.l.BrowserStackRunExtension - Agent path: null
22:34:11.382 [ApplicationImpl pooled thread 85] INFO  c.b.l.BrowserStackRunExtension - testng
22:34:11.384 [ApplicationImpl pooled thread 85] INFO  com.browserstack.utils.Helpers - null
22:34:11.384 [ApplicationImpl pooled thread 85] INFO  c.b.l.BrowserStackRunExtension - Agent path: null
22:38:47.307 [ApplicationImpl pooled thread 96] INFO  c.b.l.BrowserStackRunExtension - testng
22:38:47.307 [ApplicationImpl pooled thread 96] INFO  com.browserstack.utils.Helpers - null
22:38:47.307 [ApplicationImpl pooled thread 96] INFO  c.b.l.BrowserStackRunExtension - Agent path: null
22:40:23.912 [ApplicationImpl pooled thread 101] INFO  c.b.l.BrowserStackRunExtension - testng
22:40:23.912 [ApplicationImpl pooled thread 101] INFO  com.browserstack.utils.Helpers - null
22:40:23.913 [ApplicationImpl pooled thread 101] INFO  c.b.l.BrowserStackRunExtension - Agent path: null
22:45:15.227 [ApplicationImpl pooled thread 106] INFO  c.b.l.BrowserStackRunExtension - testng
22:45:15.227 [ApplicationImpl pooled thread 106] INFO  com.browserstack.utils.Helpers - null
22:45:15.232 [ApplicationImpl pooled thread 106] INFO  c.b.l.BrowserStackRunExtension - Agent path: null
22:49:45.925 [ApplicationImpl pooled thread 110] INFO  c.b.l.BrowserStackRunExtension - testng
22:49:45.926 [ApplicationImpl pooled thread 110] INFO  com.browserstack.utils.Helpers - null
22:49:45.926 [ApplicationImpl pooled thread 110] INFO  c.b.l.BrowserStackRunExtension - Agent path: null
23:30:39.012 [ApplicationImpl pooled thread 8] INFO  c.b.l.BrowserStackRunExtension - cucumber java
23:30:39.014 [ApplicationImpl pooled thread 8] INFO  com.browserstack.utils.Helpers - null
23:30:39.014 [ApplicationImpl pooled thread 8] INFO  c.b.l.BrowserStackRunExtension - Agent path: null
00:07:43.881 [ApplicationImpl pooled thread 27] INFO  c.b.l.BrowserStackRunExtension - cucumber java
00:07:43.884 [ApplicationImpl pooled thread 27] INFO  com.browserstack.utils.Helpers - null
00:07:43.889 [ApplicationImpl pooled thread 27] INFO  c.b.l.BrowserStackRunExtension - Agent path: null
02:16:56.362 [AWT-EventQueue-0] INFO  c.b.actions.DisableBrowserStack - Setting disable browserstack run update
02:16:56.382 [AWT-EventQueue-0] INFO  c.b.actions.EnableBrowserStack - Setting enable browserstack run update
02:33:19.010 [ApplicationImpl pooled thread 20] INFO  c.b.l.BrowserStackRunExtension - testng
02:33:19.010 [ApplicationImpl pooled thread 20] INFO  com.browserstack.utils.Helpers - null
02:33:19.026 [ApplicationImpl pooled thread 20] INFO  c.b.l.BrowserStackRunExtension - Agent path: null
02:40:00.547 [ApplicationImpl pooled thread 27] INFO  c.b.l.BrowserStackRunExtension - testng
02:40:00.547 [ApplicationImpl pooled thread 27] INFO  com.browserstack.utils.Helpers - null
02:40:00.548 [ApplicationImpl pooled thread 27] INFO  c.b.l.BrowserStackRunExtension - Agent path: null
02:55:03.901 [ApplicationImpl pooled thread 29] INFO  c.b.l.BrowserStackRunExtension - testng
02:55:03.906 [ApplicationImpl pooled thread 29] INFO  com.browserstack.utils.Helpers - null
02:55:03.906 [ApplicationImpl pooled thread 29] INFO  c.b.l.BrowserStackRunExtension - Agent path: null
02:57:52.601 [ApplicationImpl pooled thread 41] INFO  c.b.l.BrowserStackRunExtension - testng
02:57:52.601 [ApplicationImpl pooled thread 41] INFO  com.browserstack.utils.Helpers - null
02:57:52.601 [ApplicationImpl pooled thread 41] INFO  c.b.l.BrowserStackRunExtension - Agent path: null
03:00:01.636 [ApplicationImpl pooled thread 45] INFO  c.b.l.BrowserStackRunExtension - testng
03:00:01.636 [ApplicationImpl pooled thread 45] INFO  com.browserstack.utils.Helpers - null
03:00:01.636 [ApplicationImpl pooled thread 45] INFO  c.b.l.BrowserStackRunExtension - Agent path: null
03:16:08.409 [ApplicationImpl pooled thread 54] INFO  c.b.l.BrowserStackRunExtension - cucumber java
03:16:08.409 [ApplicationImpl pooled thread 54] INFO  com.browserstack.utils.Helpers - null
03:16:08.410 [ApplicationImpl pooled thread 54] INFO  c.b.l.BrowserStackRunExtension - Agent path: null
03:19:31.623 [ApplicationImpl pooled thread 47] INFO  c.b.l.BrowserStackRunExtension - testng
03:19:31.623 [ApplicationImpl pooled thread 47] INFO  com.browserstack.utils.Helpers - null
03:19:31.623 [ApplicationImpl pooled thread 47] INFO  c.b.l.BrowserStackRunExtension - Agent path: null
03:20:58.177 [ApplicationImpl pooled thread 52] INFO  c.b.l.BrowserStackRunExtension - testng
03:20:58.177 [ApplicationImpl pooled thread 52] INFO  com.browserstack.utils.Helpers - null
03:20:58.178 [ApplicationImpl pooled thread 52] INFO  c.b.l.BrowserStackRunExtension - Agent path: null
03:21:37.686 [ApplicationImpl pooled thread 52] INFO  c.b.l.BrowserStackRunExtension - maven
03:21:37.686 [ApplicationImpl pooled thread 52] INFO  com.browserstack.utils.Helpers - null
03:24:22.892 [ApplicationImpl pooled thread 59] INFO  c.b.l.BrowserStackRunExtension - testng
03:24:22.897 [ApplicationImpl pooled thread 59] INFO  com.browserstack.utils.Helpers - null
03:24:22.910 [ApplicationImpl pooled thread 59] INFO  c.b.l.BrowserStackRunExtension - Agent path: null
03:53:45.712 [ApplicationImpl pooled thread 73] INFO  c.b.l.BrowserStackRunExtension - testng
03:53:45.712 [ApplicationImpl pooled thread 73] INFO  com.browserstack.utils.Helpers - null
03:53:45.712 [ApplicationImpl pooled thread 73] INFO  c.b.l.BrowserStackRunExtension - Agent path: null
03:56:05.751 [ApplicationImpl pooled thread 73] INFO  c.b.l.BrowserStackRunExtension - testng
03:56:05.751 [ApplicationImpl pooled thread 73] INFO  com.browserstack.utils.Helpers - null
03:56:05.751 [ApplicationImpl pooled thread 73] INFO  c.b.l.BrowserStackRunExtension - Agent path: null
04:02:36.612 [ApplicationImpl pooled thread 83] INFO  c.b.l.BrowserStackRunExtension - testng
04:02:36.612 [ApplicationImpl pooled thread 83] INFO  com.browserstack.utils.Helpers - null
04:02:36.616 [ApplicationImpl pooled thread 83] INFO  c.b.l.BrowserStackRunExtension - Agent path: null
04:04:28.486 [ApplicationImpl pooled thread 83] INFO  c.b.l.BrowserStackRunExtension - testng
04:04:28.486 [ApplicationImpl pooled thread 83] INFO  com.browserstack.utils.Helpers - null
04:04:28.486 [ApplicationImpl pooled thread 83] INFO  c.b.l.BrowserStackRunExtension - Agent path: null
04:06:07.311 [ApplicationImpl pooled thread 85] INFO  c.b.l.BrowserStackRunExtension - testng
04:06:07.311 [ApplicationImpl pooled thread 85] INFO  com.browserstack.utils.Helpers - null
04:06:07.311 [ApplicationImpl pooled thread 85] INFO  c.b.l.BrowserStackRunExtension - Agent path: null
13:11:31.303 [ApplicationImpl pooled thread 2] INFO  c.b.l.BrowserStackRunExtension - testng
13:11:31.303 [ApplicationImpl pooled thread 2] INFO  com.browserstack.utils.Helpers - null
13:11:31.308 [ApplicationImpl pooled thread 2] INFO  c.b.l.BrowserStackRunExtension - Agent path: null
13:16:20.978 [ApplicationImpl pooled thread 13] INFO  c.b.l.BrowserStackRunExtension - testng
13:16:20.978 [ApplicationImpl pooled thread 13] INFO  com.browserstack.utils.Helpers - null
13:16:20.978 [ApplicationImpl pooled thread 13] INFO  c.b.l.BrowserStackRunExtension - Agent path: null
13:18:33.568 [ApplicationImpl pooled thread 18] INFO  c.b.l.BrowserStackRunExtension - testng
13:18:33.568 [ApplicationImpl pooled thread 18] INFO  com.browserstack.utils.Helpers - null
13:18:33.568 [ApplicationImpl pooled thread 18] INFO  c.b.l.BrowserStackRunExtension - Agent path: null
13:22:10.361 [ApplicationImpl pooled thread 21] INFO  c.b.l.BrowserStackRunExtension - testng
13:22:10.361 [ApplicationImpl pooled thread 21] INFO  com.browserstack.utils.Helpers - null
13:22:10.361 [ApplicationImpl pooled thread 21] INFO  c.b.l.BrowserStackRunExtension - Agent path: null
13:28:45.970 [ApplicationImpl pooled thread 23] INFO  c.b.l.BrowserStackRunExtension - testng
13:28:45.970 [ApplicationImpl pooled thread 23] INFO  com.browserstack.utils.Helpers - null
13:28:45.970 [ApplicationImpl pooled thread 23] INFO  c.b.l.BrowserStackRunExtension - Agent path: null
13:39:29.014 [ApplicationImpl pooled thread 39] INFO  c.b.l.BrowserStackRunExtension - testng
13:39:29.014 [ApplicationImpl pooled thread 39] INFO  com.browserstack.utils.Helpers - null
13:39:29.014 [ApplicationImpl pooled thread 39] INFO  c.b.l.BrowserStackRunExtension - Agent path: null
13:41:22.627 [ApplicationImpl pooled thread 38] INFO  c.b.l.BrowserStackRunExtension - testng
13:41:22.627 [ApplicationImpl pooled thread 38] INFO  com.browserstack.utils.Helpers - null
13:41:22.627 [ApplicationImpl pooled thread 38] INFO  c.b.l.BrowserStackRunExtension - Agent path: null
13:44:48.701 [ApplicationImpl pooled thread 30] INFO  c.b.l.BrowserStackRunExtension - testng
13:44:48.701 [ApplicationImpl pooled thread 30] INFO  com.browserstack.utils.Helpers - null
13:44:48.701 [ApplicationImpl pooled thread 30] INFO  c.b.l.BrowserStackRunExtension - Agent path: null
13:50:59.955 [ApplicationImpl pooled thread 30] INFO  c.b.l.BrowserStackRunExtension - testng
13:50:59.957 [ApplicationImpl pooled thread 30] INFO  com.browserstack.utils.Helpers - null
13:50:59.957 [ApplicationImpl pooled thread 30] INFO  c.b.l.BrowserStackRunExtension - Agent path: null
14:06:12.533 [ApplicationImpl pooled thread 57] INFO  c.b.l.BrowserStackRunExtension - testng
14:06:12.533 [ApplicationImpl pooled thread 57] INFO  com.browserstack.utils.Helpers - null
14:06:12.533 [ApplicationImpl pooled thread 57] INFO  c.b.l.BrowserStackRunExtension - Agent path: null
14:11:32.229 [ApplicationImpl pooled thread 56] INFO  c.b.l.BrowserStackRunExtension - testng
14:11:32.229 [ApplicationImpl pooled thread 56] INFO  com.browserstack.utils.Helpers - null
14:11:32.229 [ApplicationImpl pooled thread 56] INFO  c.b.l.BrowserStackRunExtension - Agent path: null
14:14:15.056 [ApplicationImpl pooled thread 65] INFO  c.b.l.BrowserStackRunExtension - testng
14:14:15.056 [ApplicationImpl pooled thread 65] INFO  com.browserstack.utils.Helpers - null
14:14:15.056 [ApplicationImpl pooled thread 65] INFO  c.b.l.BrowserStackRunExtension - Agent path: null
14:28:44.184 [ApplicationImpl pooled thread 81] INFO  c.b.l.BrowserStackRunExtension - testng
14:28:44.184 [ApplicationImpl pooled thread 81] INFO  com.browserstack.utils.Helpers - null
14:28:44.185 [ApplicationImpl pooled thread 81] INFO  c.b.l.BrowserStackRunExtension - Agent path: null
14:33:03.232 [ApplicationImpl pooled thread 83] INFO  c.b.l.BrowserStackRunExtension - testng
14:33:03.232 [ApplicationImpl pooled thread 83] INFO  com.browserstack.utils.Helpers - null
14:33:03.232 [ApplicationImpl pooled thread 83] INFO  c.b.l.BrowserStackRunExtension - Agent path: null
14:36:56.427 [ApplicationImpl pooled thread 91] INFO  c.b.l.BrowserStackRunExtension - testng
14:36:56.427 [ApplicationImpl pooled thread 91] INFO  com.browserstack.utils.Helpers - null
14:36:56.428 [ApplicationImpl pooled thread 91] INFO  c.b.l.BrowserStackRunExtension - Agent path: null
14:41:12.801 [ApplicationImpl pooled thread 92] INFO  c.b.l.BrowserStackRunExtension - testng
14:41:12.801 [ApplicationImpl pooled thread 92] INFO  com.browserstack.utils.Helpers - null
14:41:12.802 [ApplicationImpl pooled thread 92] INFO  c.b.l.BrowserStackRunExtension - Agent path: null
14:46:48.643 [ApplicationImpl pooled thread 97] INFO  c.b.l.BrowserStackRunExtension - testng
14:46:48.643 [ApplicationImpl pooled thread 97] INFO  com.browserstack.utils.Helpers - null
14:46:48.643 [ApplicationImpl pooled thread 97] INFO  c.b.l.BrowserStackRunExtension - Agent path: null
14:53:22.990 [ApplicationImpl pooled thread 107] INFO  c.b.l.BrowserStackRunExtension - testng
14:53:22.990 [ApplicationImpl pooled thread 107] INFO  com.browserstack.utils.Helpers - null
14:53:22.991 [ApplicationImpl pooled thread 107] INFO  c.b.l.BrowserStackRunExtension - Agent path: null
15:26:57.258 [ApplicationImpl pooled thread 125] INFO  c.b.l.BrowserStackRunExtension - testng
15:26:57.258 [ApplicationImpl pooled thread 125] INFO  com.browserstack.utils.Helpers - null
15:26:57.258 [ApplicationImpl pooled thread 125] INFO  c.b.l.BrowserStackRunExtension - Agent path: null
15:27:33.787 [ApplicationImpl pooled thread 133] INFO  c.b.l.BrowserStackRunExtension - testng
15:27:33.787 [ApplicationImpl pooled thread 133] INFO  com.browserstack.utils.Helpers - null
15:27:33.788 [ApplicationImpl pooled thread 133] INFO  c.b.l.BrowserStackRunExtension - Agent path: null
15:35:22.026 [ApplicationImpl pooled thread 139] INFO  c.b.l.BrowserStackRunExtension - testng
15:35:22.028 [ApplicationImpl pooled thread 139] INFO  com.browserstack.utils.Helpers - null
15:35:22.028 [ApplicationImpl pooled thread 139] INFO  c.b.l.BrowserStackRunExtension - Agent path: null
16:25:21.262 [ApplicationImpl pooled thread 205] INFO  c.b.l.BrowserStackRunExtension - testng
16:25:21.262 [ApplicationImpl pooled thread 205] INFO  com.browserstack.utils.Helpers - null
16:25:21.263 [ApplicationImpl pooled thread 205] INFO  c.b.l.BrowserStackRunExtension - Agent path: null
16:34:38.538 [ApplicationImpl pooled thread 213] INFO  c.b.l.BrowserStackRunExtension - testng
16:34:38.538 [ApplicationImpl pooled thread 213] INFO  com.browserstack.utils.Helpers - null
16:34:38.541 [ApplicationImpl pooled thread 213] INFO  c.b.l.BrowserStackRunExtension - Agent path: null
16:39:44.026 [ApplicationImpl pooled thread 218] INFO  c.b.l.BrowserStackRunExtension - testng
16:39:44.027 [ApplicationImpl pooled thread 218] INFO  com.browserstack.utils.Helpers - null
16:39:44.028 [ApplicationImpl pooled thread 218] INFO  c.b.l.BrowserStackRunExtension - Agent path: null
16:41:39.412 [ApplicationImpl pooled thread 224] INFO  c.b.l.BrowserStackRunExtension - testng
16:41:39.412 [ApplicationImpl pooled thread 224] INFO  com.browserstack.utils.Helpers - null
16:41:39.414 [ApplicationImpl pooled thread 224] INFO  c.b.l.BrowserStackRunExtension - Agent path: null
16:54:50.717 [ApplicationImpl pooled thread 226] INFO  c.b.l.BrowserStackRunExtension - testng
16:54:50.718 [ApplicationImpl pooled thread 226] INFO  com.browserstack.utils.Helpers - null
16:54:50.719 [ApplicationImpl pooled thread 226] INFO  c.b.l.BrowserStackRunExtension - Agent path: null
16:56:34.064 [ApplicationImpl pooled thread 226] INFO  c.b.l.BrowserStackRunExtension - testng
16:56:34.064 [ApplicationImpl pooled thread 226] INFO  com.browserstack.utils.Helpers - null
16:56:34.065 [ApplicationImpl pooled thread 226] INFO  c.b.l.BrowserStackRunExtension - Agent path: null
17:08:39.078 [ApplicationImpl pooled thread 245] INFO  c.b.l.BrowserStackRunExtension - testng
17:08:39.078 [ApplicationImpl pooled thread 245] INFO  com.browserstack.utils.Helpers - null
17:08:39.079 [ApplicationImpl pooled thread 245] INFO  c.b.l.BrowserStackRunExtension - Agent path: null
17:19:20.245 [ApplicationImpl pooled thread 252] INFO  c.b.l.BrowserStackRunExtension - testng
17:19:20.246 [ApplicationImpl pooled thread 252] INFO  com.browserstack.utils.Helpers - null
17:19:20.246 [ApplicationImpl pooled thread 252] INFO  c.b.l.BrowserStackRunExtension - Agent path: null
17:21:15.675 [ApplicationImpl pooled thread 247] INFO  c.b.l.BrowserStackRunExtension - testng
17:21:15.675 [ApplicationImpl pooled thread 247] INFO  com.browserstack.utils.Helpers - null
17:21:15.675 [ApplicationImpl pooled thread 247] INFO  c.b.l.BrowserStackRunExtension - Agent path: null
17:23:22.320 [ApplicationImpl pooled thread 252] INFO  c.b.l.BrowserStackRunExtension - testng
17:23:22.320 [ApplicationImpl pooled thread 252] INFO  com.browserstack.utils.Helpers - null
17:23:22.320 [ApplicationImpl pooled thread 252] INFO  c.b.l.BrowserStackRunExtension - Agent path: null
17:25:34.177 [ApplicationImpl pooled thread 251] INFO  c.b.l.BrowserStackRunExtension - testng
17:25:34.177 [ApplicationImpl pooled thread 251] INFO  com.browserstack.utils.Helpers - null
17:25:34.178 [ApplicationImpl pooled thread 251] INFO  c.b.l.BrowserStackRunExtension - Agent path: null
17:28:52.682 [ApplicationImpl pooled thread 261] INFO  c.b.l.BrowserStackRunExtension - testng
17:28:52.682 [ApplicationImpl pooled thread 261] INFO  com.browserstack.utils.Helpers - null
17:28:52.683 [ApplicationImpl pooled thread 261] INFO  c.b.l.BrowserStackRunExtension - Agent path: null
17:42:33.522 [ApplicationImpl pooled thread 274] INFO  c.b.l.BrowserStackRunExtension - testng
17:42:33.522 [ApplicationImpl pooled thread 274] INFO  com.browserstack.utils.Helpers - null
17:42:33.524 [ApplicationImpl pooled thread 274] INFO  c.b.l.BrowserStackRunExtension - Agent path: null
17:44:00.560 [ApplicationImpl pooled thread 274] INFO  c.b.l.BrowserStackRunExtension - testng
17:44:00.560 [ApplicationImpl pooled thread 274] INFO  com.browserstack.utils.Helpers - null
17:44:00.561 [ApplicationImpl pooled thread 274] INFO  c.b.l.BrowserStackRunExtension - Agent path: null
23:00:15.141 [ApplicationImpl pooled thread 22] INFO  c.b.l.BrowserStackRunExtension - testng
23:00:15.144 [ApplicationImpl pooled thread 22] INFO  com.browserstack.utils.Helpers - null
23:00:15.144 [ApplicationImpl pooled thread 22] INFO  c.b.l.BrowserStackRunExtension - Agent path: null
23:01:43.374 [ApplicationImpl pooled thread 18] INFO  c.b.l.BrowserStackRunExtension - testng
23:01:43.374 [ApplicationImpl pooled thread 18] INFO  com.browserstack.utils.Helpers - null
23:01:43.374 [ApplicationImpl pooled thread 18] INFO  c.b.l.BrowserStackRunExtension - Agent path: null
00:16:43.354 [ApplicationImpl pooled thread 54] INFO  c.b.l.BrowserStackRunExtension - testng
00:16:43.354 [ApplicationImpl pooled thread 54] INFO  com.browserstack.utils.Helpers - null
00:16:43.354 [ApplicationImpl pooled thread 54] INFO  c.b.l.BrowserStackRunExtension - Agent path: null
00:18:36.852 [ApplicationImpl pooled thread 55] INFO  c.b.l.BrowserStackRunExtension - testng
00:18:36.852 [ApplicationImpl pooled thread 55] INFO  com.browserstack.utils.Helpers - null
00:18:36.852 [ApplicationImpl pooled thread 55] INFO  c.b.l.BrowserStackRunExtension - Agent path: null
12:12:24.937 [ApplicationImpl pooled thread 15] INFO  c.b.l.BrowserStackRunExtension - testng
12:12:24.940 [ApplicationImpl pooled thread 15] INFO  com.browserstack.utils.Helpers - null
12:12:24.942 [ApplicationImpl pooled thread 15] INFO  c.b.l.BrowserStackRunExtension - Agent path: null
12:12:49.537 [ApplicationImpl pooled thread 2] INFO  c.b.l.BrowserStackRunExtension - testng
12:12:49.537 [ApplicationImpl pooled thread 2] INFO  com.browserstack.utils.Helpers - null
12:12:49.537 [ApplicationImpl pooled thread 2] INFO  c.b.l.BrowserStackRunExtension - Agent path: null
12:13:07.530 [ApplicationImpl pooled thread 16] INFO  c.b.l.BrowserStackRunExtension - testng
12:13:07.530 [ApplicationImpl pooled thread 16] INFO  com.browserstack.utils.Helpers - null
12:13:07.531 [ApplicationImpl pooled thread 16] INFO  c.b.l.BrowserStackRunExtension - Agent path: null
12:55:08.024 [ApplicationImpl pooled thread 26] INFO  c.b.l.BrowserStackRunExtension - testng
12:55:08.024 [ApplicationImpl pooled thread 26] INFO  com.browserstack.utils.Helpers - null
12:55:08.026 [ApplicationImpl pooled thread 26] INFO  c.b.l.BrowserStackRunExtension - Agent path: null
13:14:12.060 [ApplicationImpl pooled thread 40] INFO  c.b.l.BrowserStackRunExtension - testng
13:14:12.060 [ApplicationImpl pooled thread 40] INFO  com.browserstack.utils.Helpers - null
13:14:12.060 [ApplicationImpl pooled thread 40] INFO  c.b.l.BrowserStackRunExtension - Agent path: null
13:17:13.027 [ApplicationImpl pooled thread 41] INFO  c.b.l.BrowserStackRunExtension - testng
13:17:13.027 [ApplicationImpl pooled thread 41] INFO  com.browserstack.utils.Helpers - null
13:17:13.027 [ApplicationImpl pooled thread 41] INFO  c.b.l.BrowserStackRunExtension - Agent path: null
13:23:41.813 [ApplicationImpl pooled thread 45] INFO  c.b.l.BrowserStackRunExtension - testng
13:23:41.813 [ApplicationImpl pooled thread 45] INFO  com.browserstack.utils.Helpers - null
13:23:41.816 [ApplicationImpl pooled thread 45] INFO  c.b.l.BrowserStackRunExtension - Agent path: null
13:39:38.188 [ApplicationImpl pooled thread 59] INFO  c.b.l.BrowserStackRunExtension - testng
13:39:38.188 [ApplicationImpl pooled thread 59] INFO  com.browserstack.utils.Helpers - null
13:39:38.188 [ApplicationImpl pooled thread 59] INFO  c.b.l.BrowserStackRunExtension - Agent path: null
13:46:30.104 [ApplicationImpl pooled thread 61] INFO  c.b.l.BrowserStackRunExtension - testng
13:46:30.104 [ApplicationImpl pooled thread 61] INFO  com.browserstack.utils.Helpers - null
13:46:30.104 [ApplicationImpl pooled thread 61] INFO  c.b.l.BrowserStackRunExtension - Agent path: null
13:52:45.211 [ApplicationImpl pooled thread 56] INFO  c.b.l.BrowserStackRunExtension - testng
13:52:45.211 [ApplicationImpl pooled thread 56] INFO  com.browserstack.utils.Helpers - null
13:52:45.211 [ApplicationImpl pooled thread 56] INFO  c.b.l.BrowserStackRunExtension - Agent path: null
14:00:55.526 [ApplicationImpl pooled thread 71] INFO  c.b.l.BrowserStackRunExtension - testng
14:00:55.526 [ApplicationImpl pooled thread 71] INFO  com.browserstack.utils.Helpers - null
14:00:55.526 [ApplicationImpl pooled thread 71] INFO  c.b.l.BrowserStackRunExtension - Agent path: null
14:04:40.405 [ApplicationImpl pooled thread 74] INFO  c.b.l.BrowserStackRunExtension - testng
14:04:40.405 [ApplicationImpl pooled thread 74] INFO  com.browserstack.utils.Helpers - null
14:04:40.405 [ApplicationImpl pooled thread 74] INFO  c.b.l.BrowserStackRunExtension - Agent path: null
14:08:28.765 [ApplicationImpl pooled thread 76] INFO  c.b.l.BrowserStackRunExtension - testng
14:08:28.765 [ApplicationImpl pooled thread 76] INFO  com.browserstack.utils.Helpers - null
14:08:28.765 [ApplicationImpl pooled thread 76] INFO  c.b.l.BrowserStackRunExtension - Agent path: null
14:13:00.709 [ApplicationImpl pooled thread 81] INFO  c.b.l.BrowserStackRunExtension - testng
14:13:00.709 [ApplicationImpl pooled thread 81] INFO  com.browserstack.utils.Helpers - null
14:13:00.709 [ApplicationImpl pooled thread 81] INFO  c.b.l.BrowserStackRunExtension - Agent path: null
14:17:32.542 [ApplicationImpl pooled thread 84] INFO  c.b.l.BrowserStackRunExtension - testng
14:17:32.542 [ApplicationImpl pooled thread 84] INFO  com.browserstack.utils.Helpers - null
14:17:32.542 [ApplicationImpl pooled thread 84] INFO  c.b.l.BrowserStackRunExtension - Agent path: null
14:19:51.394 [ApplicationImpl pooled thread 81] INFO  c.b.l.BrowserStackRunExtension - testng
14:19:51.394 [ApplicationImpl pooled thread 81] INFO  com.browserstack.utils.Helpers - null
14:19:51.394 [ApplicationImpl pooled thread 81] INFO  c.b.l.BrowserStackRunExtension - Agent path: null
14:33:41.956 [ApplicationImpl pooled thread 97] INFO  c.b.l.BrowserStackRunExtension - cucumber java
14:33:41.956 [ApplicationImpl pooled thread 97] INFO  com.browserstack.utils.Helpers - null
14:33:41.956 [ApplicationImpl pooled thread 97] INFO  c.b.l.BrowserStackRunExtension - Agent path: null
14:53:35.792 [ApplicationImpl pooled thread 99] INFO  c.b.l.BrowserStackRunExtension - testng
14:53:35.792 [ApplicationImpl pooled thread 99] INFO  com.browserstack.utils.Helpers - null
14:53:35.792 [ApplicationImpl pooled thread 99] INFO  c.b.l.BrowserStackRunExtension - Agent path: null
14:59:33.712 [ApplicationImpl pooled thread 113] INFO  c.b.l.BrowserStackRunExtension - testng
14:59:33.712 [ApplicationImpl pooled thread 113] INFO  com.browserstack.utils.Helpers - null
14:59:33.714 [ApplicationImpl pooled thread 113] INFO  c.b.l.BrowserStackRunExtension - Agent path: null
15:01:03.086 [ApplicationImpl pooled thread 118] INFO  c.b.l.BrowserStackRunExtension - testng
15:01:03.086 [ApplicationImpl pooled thread 118] INFO  com.browserstack.utils.Helpers - null
15:01:03.086 [ApplicationImpl pooled thread 118] INFO  c.b.l.BrowserStackRunExtension - Agent path: null
15:06:05.658 [ApplicationImpl pooled thread 122] INFO  c.b.l.BrowserStackRunExtension - testng
15:06:05.658 [ApplicationImpl pooled thread 122] INFO  com.browserstack.utils.Helpers - null
15:06:05.658 [ApplicationImpl pooled thread 122] INFO  c.b.l.BrowserStackRunExtension - Agent path: null
15:07:12.731 [ApplicationImpl pooled thread 112] INFO  c.b.l.BrowserStackRunExtension - testng
15:07:12.731 [ApplicationImpl pooled thread 112] INFO  com.browserstack.utils.Helpers - null
15:07:12.745 [ApplicationImpl pooled thread 112] INFO  c.b.l.BrowserStackRunExtension - Agent path: null
15:09:05.597 [ApplicationImpl pooled thread 112] INFO  c.b.l.BrowserStackRunExtension - testng
15:09:05.597 [ApplicationImpl pooled thread 112] INFO  com.browserstack.utils.Helpers - null
15:09:05.597 [ApplicationImpl pooled thread 112] INFO  c.b.l.BrowserStackRunExtension - Agent path: null
15:17:29.904 [ApplicationImpl pooled thread 131] INFO  c.b.l.BrowserStackRunExtension - testng
15:17:29.904 [ApplicationImpl pooled thread 131] INFO  com.browserstack.utils.Helpers - null
15:17:29.904 [ApplicationImpl pooled thread 131] INFO  c.b.l.BrowserStackRunExtension - Agent path: null
15:23:23.748 [ApplicationImpl pooled thread 132] INFO  c.b.l.BrowserStackRunExtension - testng
15:23:23.748 [ApplicationImpl pooled thread 132] INFO  com.browserstack.utils.Helpers - null
15:23:23.748 [ApplicationImpl pooled thread 132] INFO  c.b.l.BrowserStackRunExtension - Agent path: null
15:30:47.212 [ApplicationImpl pooled thread 138] INFO  c.b.l.BrowserStackRunExtension - testng
15:30:47.228 [ApplicationImpl pooled thread 138] INFO  com.browserstack.utils.Helpers - null
15:30:47.228 [ApplicationImpl pooled thread 138] INFO  c.b.l.BrowserStackRunExtension - Agent path: null
15:35:21.384 [ApplicationImpl pooled thread 142] INFO  c.b.l.BrowserStackRunExtension - testng
15:35:21.384 [ApplicationImpl pooled thread 142] INFO  com.browserstack.utils.Helpers - null
15:35:21.386 [ApplicationImpl pooled thread 142] INFO  c.b.l.BrowserStackRunExtension - Agent path: null
01:50:49.667 [ApplicationImpl pooled thread 9] INFO  c.b.l.BrowserStackRunExtension - junit
01:50:49.672 [ApplicationImpl pooled thread 9] INFO  com.browserstack.utils.Helpers - null
01:50:49.674 [ApplicationImpl pooled thread 9] INFO  c.b.l.BrowserStackRunExtension - Agent path: null
01:52:55.393 [ApplicationImpl pooled thread 1] INFO  c.b.l.BrowserStackRunExtension - junit
01:52:55.393 [ApplicationImpl pooled thread 1] INFO  com.browserstack.utils.Helpers - null
01:52:55.393 [ApplicationImpl pooled thread 1] INFO  c.b.l.BrowserStackRunExtension - Agent path: null
22:39:16.591 [ApplicationImpl pooled thread 57] INFO  c.b.l.BrowserStackRunExtension - testng
22:39:16.595 [ApplicationImpl pooled thread 57] INFO  com.browserstack.utils.Helpers - null
22:39:16.596 [ApplicationImpl pooled thread 57] INFO  c.b.l.BrowserStackRunExtension - Agent path: null
22:43:05.020 [ApplicationImpl pooled thread 63] INFO  c.b.l.BrowserStackRunExtension - testng
22:43:05.020 [ApplicationImpl pooled thread 63] INFO  com.browserstack.utils.Helpers - null
22:43:05.023 [ApplicationImpl pooled thread 63] INFO  c.b.l.BrowserStackRunExtension - Agent path: null
22:45:22.798 [ApplicationImpl pooled thread 65] INFO  c.b.l.BrowserStackRunExtension - testng
22:45:22.798 [ApplicationImpl pooled thread 65] INFO  com.browserstack.utils.Helpers - null
22:45:22.798 [ApplicationImpl pooled thread 65] INFO  c.b.l.BrowserStackRunExtension - Agent path: null
22:48:42.723 [ApplicationImpl pooled thread 66] INFO  c.b.l.BrowserStackRunExtension - testng
22:48:42.725 [ApplicationImpl pooled thread 66] INFO  com.browserstack.utils.Helpers - null
22:48:42.725 [ApplicationImpl pooled thread 66] INFO  c.b.l.BrowserStackRunExtension - Agent path: null
23:00:31.655 [ApplicationImpl pooled thread 68] INFO  c.b.l.BrowserStackRunExtension - testng
23:00:31.662 [ApplicationImpl pooled thread 68] INFO  com.browserstack.utils.Helpers - null
23:00:31.662 [ApplicationImpl pooled thread 68] INFO  c.b.l.BrowserStackRunExtension - Agent path: null
23:03:54.593 [ApplicationImpl pooled thread 73] INFO  c.b.l.BrowserStackRunExtension - testng
23:03:54.598 [ApplicationImpl pooled thread 73] INFO  com.browserstack.utils.Helpers - null
23:03:54.598 [ApplicationImpl pooled thread 73] INFO  c.b.l.BrowserStackRunExtension - Agent path: null
23:17:31.628 [ApplicationImpl pooled thread 85] INFO  c.b.l.BrowserStackRunExtension - testng
23:17:31.635 [ApplicationImpl pooled thread 85] INFO  com.browserstack.utils.Helpers - null
23:17:31.651 [ApplicationImpl pooled thread 85] INFO  c.b.l.BrowserStackRunExtension - Agent path: null
23:28:17.668 [ApplicationImpl pooled thread 91] INFO  c.b.l.BrowserStackRunExtension - testng
23:28:17.671 [ApplicationImpl pooled thread 91] INFO  com.browserstack.utils.Helpers - null
23:28:17.671 [ApplicationImpl pooled thread 91] INFO  c.b.l.BrowserStackRunExtension - Agent path: null
23:54:19.529 [ApplicationImpl pooled thread 118] INFO  c.b.l.BrowserStackRunExtension - testng
23:54:19.529 [ApplicationImpl pooled thread 118] INFO  com.browserstack.utils.Helpers - null
23:54:19.529 [ApplicationImpl pooled thread 118] INFO  c.b.l.BrowserStackRunExtension - Agent path: null
01:00:18.480 [ApplicationImpl pooled thread 57] INFO  c.b.l.BrowserStackRunExtension - testng
01:00:18.485 [ApplicationImpl pooled thread 57] INFO  com.browserstack.utils.Helpers - null
01:00:18.486 [ApplicationImpl pooled thread 57] INFO  c.b.l.BrowserStackRunExtension - Agent path: null
01:07:19.637 [ApplicationImpl pooled thread 63] INFO  c.b.l.BrowserStackRunExtension - testng
01:07:19.637 [ApplicationImpl pooled thread 63] INFO  com.browserstack.utils.Helpers - null
01:07:19.638 [ApplicationImpl pooled thread 63] INFO  c.b.l.BrowserStackRunExtension - Agent path: null
00:08:21.548 [ApplicationImpl pooled thread 22] INFO  c.b.l.BrowserStackRunExtension - testng
00:08:21.550 [ApplicationImpl pooled thread 22] INFO  com.browserstack.utils.Helpers - null
00:08:21.566 [ApplicationImpl pooled thread 22] INFO  c.b.l.BrowserStackRunExtension - Agent path: null
00:19:31.753 [ApplicationImpl pooled thread 30] INFO  c.b.l.BrowserStackRunExtension - testng
00:19:31.753 [ApplicationImpl pooled thread 30] INFO  com.browserstack.utils.Helpers - null
00:19:31.755 [ApplicationImpl pooled thread 30] INFO  c.b.l.BrowserStackRunExtension - Agent path: null
00:28:10.993 [ApplicationImpl pooled thread 39] INFO  c.b.l.BrowserStackRunExtension - testng
00:28:10.993 [ApplicationImpl pooled thread 39] INFO  com.browserstack.utils.Helpers - null
00:28:10.994 [ApplicationImpl pooled thread 39] INFO  c.b.l.BrowserStackRunExtension - Agent path: null
00:35:47.943 [ApplicationImpl pooled thread 39] INFO  c.b.l.BrowserStackRunExtension - testng
00:35:47.945 [ApplicationImpl pooled thread 39] INFO  com.browserstack.utils.Helpers - null
00:35:47.945 [ApplicationImpl pooled thread 39] INFO  c.b.l.BrowserStackRunExtension - Agent path: null
00:40:22.495 [ApplicationImpl pooled thread 50] INFO  c.b.l.BrowserStackRunExtension - testng
00:40:22.495 [ApplicationImpl pooled thread 50] INFO  com.browserstack.utils.Helpers - null
00:40:22.495 [ApplicationImpl pooled thread 50] INFO  c.b.l.BrowserStackRunExtension - Agent path: null
00:41:59.773 [ApplicationImpl pooled thread 54] INFO  c.b.l.BrowserStackRunExtension - testng
00:41:59.773 [ApplicationImpl pooled thread 54] INFO  com.browserstack.utils.Helpers - null
00:41:59.773 [ApplicationImpl pooled thread 54] INFO  c.b.l.BrowserStackRunExtension - Agent path: null
00:45:27.115 [ApplicationImpl pooled thread 59] INFO  c.b.l.BrowserStackRunExtension - testng
00:45:27.115 [ApplicationImpl pooled thread 59] INFO  com.browserstack.utils.Helpers - null
00:45:27.119 [ApplicationImpl pooled thread 59] INFO  c.b.l.BrowserStackRunExtension - Agent path: null
23:00:37.756 [ApplicationImpl pooled thread 31] INFO  c.b.l.BrowserStackRunExtension - cucumber java
23:00:37.760 [ApplicationImpl pooled thread 31] INFO  com.browserstack.utils.Helpers - null
23:00:37.760 [ApplicationImpl pooled thread 31] INFO  c.b.l.BrowserStackRunExtension - Agent path: null
23:01:31.359 [ApplicationImpl pooled thread 25] INFO  c.b.l.BrowserStackRunExtension - cucumber java
23:01:31.361 [ApplicationImpl pooled thread 25] INFO  com.browserstack.utils.Helpers - null
23:01:31.361 [ApplicationImpl pooled thread 25] INFO  c.b.l.BrowserStackRunExtension - Agent path: null
23:03:03.564 [ApplicationImpl pooled thread 32] INFO  c.b.l.BrowserStackRunExtension - cucumber java
23:03:03.564 [ApplicationImpl pooled thread 32] INFO  com.browserstack.utils.Helpers - null
23:03:03.578 [ApplicationImpl pooled thread 32] INFO  c.b.l.BrowserStackRunExtension - Agent path: null
23:28:32.905 [AWT-EventQueue-0] INFO  c.b.actions.DisableBrowserStack - Setting disable browserstack run update
23:28:32.921 [AWT-EventQueue-0] INFO  c.b.actions.EnableBrowserStack - Setting enable browserstack run update
23:31:49.225 [ApplicationImpl pooled thread 49] INFO  c.b.l.BrowserStackRunExtension - testng
23:31:49.226 [ApplicationImpl pooled thread 49] INFO  com.browserstack.utils.Helpers - null
23:31:49.229 [ApplicationImpl pooled thread 49] INFO  c.b.l.BrowserStackRunExtension - Agent path: null
23:33:43.532 [ApplicationImpl pooled thread 53] INFO  c.b.l.BrowserStackRunExtension - testng
23:33:43.534 [ApplicationImpl pooled thread 53] INFO  com.browserstack.utils.Helpers - null
23:33:43.538 [ApplicationImpl pooled thread 53] INFO  c.b.l.BrowserStackRunExtension - Agent path: null
23:38:23.519 [ApplicationImpl pooled thread 53] INFO  c.b.l.BrowserStackRunExtension - testng
23:38:23.519 [ApplicationImpl pooled thread 53] INFO  com.browserstack.utils.Helpers - null
23:38:23.519 [ApplicationImpl pooled thread 53] INFO  c.b.l.BrowserStackRunExtension - Agent path: null
23:41:47.517 [ApplicationImpl pooled thread 54] INFO  c.b.l.BrowserStackRunExtension - testng
23:41:47.517 [ApplicationImpl pooled thread 54] INFO  com.browserstack.utils.Helpers - null
23:41:47.517 [ApplicationImpl pooled thread 54] INFO  c.b.l.BrowserStackRunExtension - Agent path: null
23:48:09.992 [ApplicationImpl pooled thread 54] INFO  c.b.l.BrowserStackRunExtension - testng
23:48:09.992 [ApplicationImpl pooled thread 54] INFO  com.browserstack.utils.Helpers - null
23:48:09.992 [ApplicationImpl pooled thread 54] INFO  c.b.l.BrowserStackRunExtension - Agent path: null
23:51:43.863 [ApplicationImpl pooled thread 61] INFO  c.b.l.BrowserStackRunExtension - testng
23:51:43.863 [ApplicationImpl pooled thread 61] INFO  com.browserstack.utils.Helpers - null
23:51:43.863 [ApplicationImpl pooled thread 61] INFO  c.b.l.BrowserStackRunExtension - Agent path: null
23:58:26.308 [ApplicationImpl pooled thread 61] INFO  c.b.l.BrowserStackRunExtension - testng
23:58:26.308 [ApplicationImpl pooled thread 61] INFO  com.browserstack.utils.Helpers - null
23:58:26.308 [ApplicationImpl pooled thread 61] INFO  c.b.l.BrowserStackRunExtension - Agent path: null
22:12:12.171 [ApplicationImpl pooled thread 25] INFO  c.b.l.BrowserStackRunExtension - cucumber java
22:12:12.171 [ApplicationImpl pooled thread 25] INFO  com.browserstack.utils.Helpers - null
22:12:12.171 [ApplicationImpl pooled thread 25] INFO  c.b.l.BrowserStackRunExtension - Agent path: null
22:24:07.203 [ApplicationImpl pooled thread 33] INFO  c.b.l.BrowserStackRunExtension - cucumber java
22:24:07.203 [ApplicationImpl pooled thread 33] INFO  com.browserstack.utils.Helpers - null
22:24:07.203 [ApplicationImpl pooled thread 33] INFO  c.b.l.BrowserStackRunExtension - Agent path: null
22:25:40.291 [ApplicationImpl pooled thread 31] INFO  c.b.l.BrowserStackRunExtension - cucumber java
22:25:40.291 [ApplicationImpl pooled thread 31] INFO  com.browserstack.utils.Helpers - null
22:25:40.306 [ApplicationImpl pooled thread 31] INFO  c.b.l.BrowserStackRunExtension - Agent path: null
23:14:07.916 [ApplicationImpl pooled thread 69] INFO  c.b.l.BrowserStackRunExtension - testng
23:14:07.916 [ApplicationImpl pooled thread 69] INFO  com.browserstack.utils.Helpers - null
23:14:07.916 [ApplicationImpl pooled thread 69] INFO  c.b.l.BrowserStackRunExtension - Agent path: null
23:19:45.419 [ApplicationImpl pooled thread 73] INFO  c.b.l.BrowserStackRunExtension - testng
23:19:45.419 [ApplicationImpl pooled thread 73] INFO  com.browserstack.utils.Helpers - null
23:19:45.419 [ApplicationImpl pooled thread 73] INFO  c.b.l.BrowserStackRunExtension - Agent path: null
23:29:49.688 [ApplicationImpl pooled thread 77] INFO  c.b.l.BrowserStackRunExtension - testng
23:29:49.688 [ApplicationImpl pooled thread 77] INFO  com.browserstack.utils.Helpers - null
23:29:49.688 [ApplicationImpl pooled thread 77] INFO  c.b.l.BrowserStackRunExtension - Agent path: null
23:31:30.938 [ApplicationImpl pooled thread 81] INFO  c.b.l.BrowserStackRunExtension - testng
23:31:30.938 [ApplicationImpl pooled thread 81] INFO  com.browserstack.utils.Helpers - null
23:31:30.938 [ApplicationImpl pooled thread 81] INFO  c.b.l.BrowserStackRunExtension - Agent path: null
23:46:41.276 [ApplicationImpl pooled thread 87] INFO  c.b.l.BrowserStackRunExtension - testng
23:46:41.276 [ApplicationImpl pooled thread 87] INFO  com.browserstack.utils.Helpers - null
23:46:41.276 [ApplicationImpl pooled thread 87] INFO  c.b.l.BrowserStackRunExtension - Agent path: null
23:49:42.858 [ApplicationImpl pooled thread 79] INFO  c.b.l.BrowserStackRunExtension - testng
23:49:42.858 [ApplicationImpl pooled thread 79] INFO  com.browserstack.utils.Helpers - null
23:49:42.858 [ApplicationImpl pooled thread 79] INFO  c.b.l.BrowserStackRunExtension - Agent path: null
23:55:09.814 [ApplicationImpl pooled thread 79] INFO  c.b.l.BrowserStackRunExtension - testng
23:55:09.814 [ApplicationImpl pooled thread 79] INFO  com.browserstack.utils.Helpers - null
23:55:09.814 [ApplicationImpl pooled thread 79] INFO  c.b.l.BrowserStackRunExtension - Agent path: null
20:10:51.511 [ApplicationImpl pooled thread 47] INFO  c.b.l.BrowserStackRunExtension - testng
20:10:51.527 [ApplicationImpl pooled thread 47] INFO  com.browserstack.utils.Helpers - null
20:10:51.527 [ApplicationImpl pooled thread 47] INFO  c.b.l.BrowserStackRunExtension - Agent path: null
20:12:03.805 [ApplicationImpl pooled thread 47] INFO  c.b.l.BrowserStackRunExtension - testng
20:12:03.805 [ApplicationImpl pooled thread 47] INFO  com.browserstack.utils.Helpers - null
20:12:03.805 [ApplicationImpl pooled thread 47] INFO  c.b.l.BrowserStackRunExtension - Agent path: null
20:14:21.601 [ApplicationImpl pooled thread 54] INFO  c.b.l.BrowserStackRunExtension - testng
20:14:21.607 [ApplicationImpl pooled thread 54] INFO  com.browserstack.utils.Helpers - null
20:14:21.607 [ApplicationImpl pooled thread 54] INFO  c.b.l.BrowserStackRunExtension - Agent path: null
20:17:15.511 [ApplicationImpl pooled thread 47] INFO  c.b.l.BrowserStackRunExtension - testng
20:17:15.511 [ApplicationImpl pooled thread 47] INFO  com.browserstack.utils.Helpers - null
20:17:15.511 [ApplicationImpl pooled thread 47] INFO  c.b.l.BrowserStackRunExtension - Agent path: null
20:25:38.573 [ApplicationImpl pooled thread 47] INFO  c.b.l.BrowserStackRunExtension - testng
20:25:38.573 [ApplicationImpl pooled thread 47] INFO  com.browserstack.utils.Helpers - null
20:25:38.573 [ApplicationImpl pooled thread 47] INFO  c.b.l.BrowserStackRunExtension - Agent path: null
20:34:34.223 [ApplicationImpl pooled thread 69] INFO  c.b.l.BrowserStackRunExtension - testng
20:34:34.223 [ApplicationImpl pooled thread 69] INFO  com.browserstack.utils.Helpers - null
20:34:34.223 [ApplicationImpl pooled thread 69] INFO  c.b.l.BrowserStackRunExtension - Agent path: null
20:48:17.443 [ApplicationImpl pooled thread 75] INFO  c.b.l.BrowserStackRunExtension - testng
20:48:17.443 [ApplicationImpl pooled thread 75] INFO  com.browserstack.utils.Helpers - null
20:48:17.445 [ApplicationImpl pooled thread 75] INFO  c.b.l.BrowserStackRunExtension - Agent path: null
21:31:02.930 [ApplicationImpl pooled thread 103] INFO  c.b.l.BrowserStackRunExtension - testng
21:31:02.930 [ApplicationImpl pooled thread 103] INFO  com.browserstack.utils.Helpers - null
21:31:02.930 [ApplicationImpl pooled thread 103] INFO  c.b.l.BrowserStackRunExtension - Agent path: null
21:34:21.854 [ApplicationImpl pooled thread 107] INFO  c.b.l.BrowserStackRunExtension - testng
21:34:21.854 [ApplicationImpl pooled thread 107] INFO  com.browserstack.utils.Helpers - null
21:34:21.854 [ApplicationImpl pooled thread 107] INFO  c.b.l.BrowserStackRunExtension - Agent path: null
21:47:20.476 [ApplicationImpl pooled thread 104] INFO  c.b.l.BrowserStackRunExtension - testng
21:47:20.476 [ApplicationImpl pooled thread 104] INFO  com.browserstack.utils.Helpers - null
21:47:20.478 [ApplicationImpl pooled thread 104] INFO  c.b.l.BrowserStackRunExtension - Agent path: null
22:10:55.084 [ApplicationImpl pooled thread 131] INFO  c.b.l.BrowserStackRunExtension - testng
22:10:55.085 [ApplicationImpl pooled thread 131] INFO  com.browserstack.utils.Helpers - null
22:10:55.086 [ApplicationImpl pooled thread 131] INFO  c.b.l.BrowserStackRunExtension - Agent path: null
22:18:26.706 [ApplicationImpl pooled thread 129] INFO  c.b.l.BrowserStackRunExtension - testng
22:18:26.706 [ApplicationImpl pooled thread 129] INFO  com.browserstack.utils.Helpers - null
22:18:26.706 [ApplicationImpl pooled thread 129] INFO  c.b.l.BrowserStackRunExtension - Agent path: null
23:04:58.309 [ApplicationImpl pooled thread 166] INFO  c.b.l.BrowserStackRunExtension - testng
23:04:58.314 [ApplicationImpl pooled thread 166] INFO  com.browserstack.utils.Helpers - null
23:04:58.327 [ApplicationImpl pooled thread 166] INFO  c.b.l.BrowserStackRunExtension - Agent path: null
23:18:40.959 [ApplicationImpl pooled thread 166] INFO  c.b.l.BrowserStackRunExtension - testng
23:18:40.959 [ApplicationImpl pooled thread 166] INFO  com.browserstack.utils.Helpers - null
23:18:40.961 [ApplicationImpl pooled thread 166] INFO  c.b.l.BrowserStackRunExtension - Agent path: null
12:25:44.713 [ApplicationImpl pooled thread 15] INFO  c.b.l.BrowserStackRunExtension - testng
12:25:44.715 [ApplicationImpl pooled thread 15] INFO  com.browserstack.utils.Helpers - null
12:25:44.717 [ApplicationImpl pooled thread 15] INFO  c.b.l.BrowserStackRunExtension - Agent path: null
13:20:02.308 [ApplicationImpl pooled thread 46] INFO  c.b.l.BrowserStackRunExtension - testng
13:20:02.309 [ApplicationImpl pooled thread 46] INFO  com.browserstack.utils.Helpers - null
13:20:02.310 [ApplicationImpl pooled thread 46] INFO  c.b.l.BrowserStackRunExtension - Agent path: null
13:37:52.129 [ApplicationImpl pooled thread 59] INFO  c.b.l.BrowserStackRunExtension - testng
13:37:52.130 [ApplicationImpl pooled thread 59] INFO  com.browserstack.utils.Helpers - null
13:37:52.130 [ApplicationImpl pooled thread 59] INFO  c.b.l.BrowserStackRunExtension - Agent path: null
19:45:38.175 [ApplicationImpl pooled thread 7] INFO  c.b.l.BrowserStackRunExtension - testng
19:45:38.180 [ApplicationImpl pooled thread 7] INFO  com.browserstack.utils.Helpers - null
19:45:38.181 [ApplicationImpl pooled thread 7] INFO  c.b.l.BrowserStackRunExtension - Agent path: null
19:48:25.373 [ApplicationImpl pooled thread 2] INFO  c.b.l.BrowserStackRunExtension - testng
19:48:25.373 [ApplicationImpl pooled thread 2] INFO  com.browserstack.utils.Helpers - null
19:48:25.373 [ApplicationImpl pooled thread 2] INFO  c.b.l.BrowserStackRunExtension - Agent path: null
19:53:35.913 [ApplicationImpl pooled thread 19] INFO  c.b.l.BrowserStackRunExtension - testng
19:53:35.915 [ApplicationImpl pooled thread 19] INFO  com.browserstack.utils.Helpers - null
19:53:35.915 [ApplicationImpl pooled thread 19] INFO  c.b.l.BrowserStackRunExtension - Agent path: null
19:58:44.226 [ApplicationImpl pooled thread 25] INFO  c.b.l.BrowserStackRunExtension - testng
19:58:44.226 [ApplicationImpl pooled thread 25] INFO  com.browserstack.utils.Helpers - null
19:58:44.226 [ApplicationImpl pooled thread 25] INFO  c.b.l.BrowserStackRunExtension - Agent path: null
20:15:39.152 [ApplicationImpl pooled thread 29] INFO  c.b.l.BrowserStackRunExtension - testng
20:15:39.152 [ApplicationImpl pooled thread 29] INFO  com.browserstack.utils.Helpers - null
20:15:39.152 [ApplicationImpl pooled thread 29] INFO  c.b.l.BrowserStackRunExtension - Agent path: null
20:19:49.607 [ApplicationImpl pooled thread 42] INFO  c.b.l.BrowserStackRunExtension - testng
20:19:49.607 [ApplicationImpl pooled thread 42] INFO  com.browserstack.utils.Helpers - null
20:19:49.607 [ApplicationImpl pooled thread 42] INFO  c.b.l.BrowserStackRunExtension - Agent path: null
20:23:51.508 [ApplicationImpl pooled thread 42] INFO  c.b.l.BrowserStackRunExtension - testng
20:23:51.508 [ApplicationImpl pooled thread 42] INFO  com.browserstack.utils.Helpers - null
20:23:51.508 [ApplicationImpl pooled thread 42] INFO  c.b.l.BrowserStackRunExtension - Agent path: null
20:28:17.523 [ApplicationImpl pooled thread 51] INFO  c.b.l.BrowserStackRunExtension - testng
20:28:17.523 [ApplicationImpl pooled thread 51] INFO  com.browserstack.utils.Helpers - null
20:28:17.523 [ApplicationImpl pooled thread 51] INFO  c.b.l.BrowserStackRunExtension - Agent path: null
20:31:18.215 [ApplicationImpl pooled thread 51] INFO  c.b.l.BrowserStackRunExtension - testng
20:31:18.215 [ApplicationImpl pooled thread 51] INFO  com.browserstack.utils.Helpers - null
20:31:18.215 [ApplicationImpl pooled thread 51] INFO  c.b.l.BrowserStackRunExtension - Agent path: null
20:33:07.126 [ApplicationImpl pooled thread 57] INFO  c.b.l.BrowserStackRunExtension - testng
20:33:07.127 [ApplicationImpl pooled thread 57] INFO  com.browserstack.utils.Helpers - null
20:33:07.127 [ApplicationImpl pooled thread 57] INFO  c.b.l.BrowserStackRunExtension - Agent path: null
21:18:41.104 [ApplicationImpl pooled thread 85] INFO  c.b.l.BrowserStackRunExtension - testng
21:18:41.104 [ApplicationImpl pooled thread 85] INFO  com.browserstack.utils.Helpers - null
21:18:41.104 [ApplicationImpl pooled thread 85] INFO  c.b.l.BrowserStackRunExtension - Agent path: null
21:23:58.927 [ApplicationImpl pooled thread 86] INFO  c.b.l.BrowserStackRunExtension - testng
21:23:58.927 [ApplicationImpl pooled thread 86] INFO  com.browserstack.utils.Helpers - null
21:23:58.959 [ApplicationImpl pooled thread 86] INFO  c.b.l.BrowserStackRunExtension - Agent path: null
21:37:07.779 [ApplicationImpl pooled thread 105] INFO  c.b.l.BrowserStackRunExtension - testng
21:37:07.779 [ApplicationImpl pooled thread 105] INFO  com.browserstack.utils.Helpers - null
21:37:07.779 [ApplicationImpl pooled thread 105] INFO  c.b.l.BrowserStackRunExtension - Agent path: null
21:43:23.050 [ApplicationImpl pooled thread 107] INFO  c.b.l.BrowserStackRunExtension - testng
21:43:23.050 [ApplicationImpl pooled thread 107] INFO  com.browserstack.utils.Helpers - null
21:43:23.062 [ApplicationImpl pooled thread 107] INFO  c.b.l.BrowserStackRunExtension - Agent path: null
21:47:36.607 [ApplicationImpl pooled thread 107] INFO  c.b.l.BrowserStackRunExtension - testng
21:47:36.607 [ApplicationImpl pooled thread 107] INFO  com.browserstack.utils.Helpers - null
21:47:36.607 [ApplicationImpl pooled thread 107] INFO  c.b.l.BrowserStackRunExtension - Agent path: null
23:08:02.598 [ApplicationImpl pooled thread 168] INFO  c.b.l.BrowserStackRunExtension - testng
23:08:02.601 [ApplicationImpl pooled thread 168] INFO  com.browserstack.utils.Helpers - null
23:08:02.601 [ApplicationImpl pooled thread 168] INFO  c.b.l.BrowserStackRunExtension - Agent path: null
23:25:15.729 [AWT-EventQueue-0] INFO  c.b.actions.EnableBrowserStack - Setting enable browserstack run update
23:25:15.744 [AWT-EventQueue-0] INFO  c.b.actions.DisableBrowserStack - Setting disable browserstack run update
22:45:52.269 [ApplicationImpl pooled thread 14] INFO  c.b.l.BrowserStackRunExtension - testng
22:45:52.269 [ApplicationImpl pooled thread 14] INFO  com.browserstack.utils.Helpers - null
22:45:52.269 [ApplicationImpl pooled thread 14] INFO  c.b.l.BrowserStackRunExtension - Agent path: null
22:50:20.301 [ApplicationImpl pooled thread 21] INFO  c.b.l.BrowserStackRunExtension - testng
22:50:20.301 [ApplicationImpl pooled thread 21] INFO  com.browserstack.utils.Helpers - null
22:50:20.301 [ApplicationImpl pooled thread 21] INFO  c.b.l.BrowserStackRunExtension - Agent path: null
22:54:22.622 [ApplicationImpl pooled thread 23] INFO  c.b.l.BrowserStackRunExtension - testng
22:54:22.622 [ApplicationImpl pooled thread 23] INFO  com.browserstack.utils.Helpers - null
22:54:22.625 [ApplicationImpl pooled thread 23] INFO  c.b.l.BrowserStackRunExtension - Agent path: null
22:57:26.525 [ApplicationImpl pooled thread 10] INFO  c.b.l.BrowserStackRunExtension - testng
22:57:26.525 [ApplicationImpl pooled thread 10] INFO  com.browserstack.utils.Helpers - null
22:57:26.525 [ApplicationImpl pooled thread 10] INFO  c.b.l.BrowserStackRunExtension - Agent path: null
23:10:07.511 [ApplicationImpl pooled thread 29] INFO  c.b.l.BrowserStackRunExtension - testng
23:10:07.511 [ApplicationImpl pooled thread 29] INFO  com.browserstack.utils.Helpers - null
23:10:07.511 [ApplicationImpl pooled thread 29] INFO  c.b.l.BrowserStackRunExtension - Agent path: null
22:46:52.789 [ApplicationImpl pooled thread 39] INFO  c.b.l.BrowserStackRunExtension - testng
22:46:52.792 [ApplicationImpl pooled thread 39] INFO  com.browserstack.utils.Helpers - null
22:46:52.803 [ApplicationImpl pooled thread 39] INFO  c.b.l.BrowserStackRunExtension - Agent path: null
22:47:59.573 [ApplicationImpl pooled thread 39] INFO  c.b.l.BrowserStackRunExtension - testng
22:47:59.573 [ApplicationImpl pooled thread 39] INFO  com.browserstack.utils.Helpers - null
22:47:59.573 [ApplicationImpl pooled thread 39] INFO  c.b.l.BrowserStackRunExtension - Agent path: null
22:49:22.706 [ApplicationImpl pooled thread 39] INFO  c.b.l.BrowserStackRunExtension - testng
22:49:22.706 [ApplicationImpl pooled thread 39] INFO  com.browserstack.utils.Helpers - null
22:49:22.716 [ApplicationImpl pooled thread 39] INFO  c.b.l.BrowserStackRunExtension - Agent path: null
22:52:31.263 [ApplicationImpl pooled thread 42] INFO  c.b.l.BrowserStackRunExtension - testng
22:52:31.263 [ApplicationImpl pooled thread 42] INFO  com.browserstack.utils.Helpers - null
22:52:31.263 [ApplicationImpl pooled thread 42] INFO  c.b.l.BrowserStackRunExtension - Agent path: null
22:54:41.012 [ApplicationImpl pooled thread 42] INFO  c.b.l.BrowserStackRunExtension - testng
22:54:41.012 [ApplicationImpl pooled thread 42] INFO  com.browserstack.utils.Helpers - null
22:54:41.012 [ApplicationImpl pooled thread 42] INFO  c.b.l.BrowserStackRunExtension - Agent path: null
23:05:17.307 [ApplicationImpl pooled thread 57] INFO  c.b.l.BrowserStackRunExtension - testng
23:05:17.307 [ApplicationImpl pooled thread 57] INFO  com.browserstack.utils.Helpers - null
23:05:17.307 [ApplicationImpl pooled thread 57] INFO  c.b.l.BrowserStackRunExtension - Agent path: null
23:14:14.145 [ApplicationImpl pooled thread 62] INFO  c.b.l.BrowserStackRunExtension - testng
23:14:14.145 [ApplicationImpl pooled thread 62] INFO  com.browserstack.utils.Helpers - null
23:14:14.145 [ApplicationImpl pooled thread 62] INFO  c.b.l.BrowserStackRunExtension - Agent path: null
23:15:57.370 [ApplicationImpl pooled thread 63] INFO  c.b.l.BrowserStackRunExtension - testng
23:15:57.370 [ApplicationImpl pooled thread 63] INFO  com.browserstack.utils.Helpers - null
23:15:57.381 [ApplicationImpl pooled thread 63] INFO  c.b.l.BrowserStackRunExtension - Agent path: null
23:21:44.322 [ApplicationImpl pooled thread 71] INFO  c.b.l.BrowserStackRunExtension - testng
23:21:44.322 [ApplicationImpl pooled thread 71] INFO  com.browserstack.utils.Helpers - null
23:21:44.338 [ApplicationImpl pooled thread 71] INFO  c.b.l.BrowserStackRunExtension - Agent path: null
23:24:00.941 [ApplicationImpl pooled thread 71] INFO  c.b.l.BrowserStackRunExtension - testng
23:24:00.941 [ApplicationImpl pooled thread 71] INFO  com.browserstack.utils.Helpers - null
23:24:00.941 [ApplicationImpl pooled thread 71] INFO  c.b.l.BrowserStackRunExtension - Agent path: null
23:25:39.861 [ApplicationImpl pooled thread 71] INFO  c.b.l.BrowserStackRunExtension - testng
23:25:39.861 [ApplicationImpl pooled thread 71] INFO  com.browserstack.utils.Helpers - null
23:25:39.861 [ApplicationImpl pooled thread 71] INFO  c.b.l.BrowserStackRunExtension - Agent path: null
23:28:32.239 [ApplicationImpl pooled thread 67] INFO  c.b.l.BrowserStackRunExtension - testng
23:28:32.239 [ApplicationImpl pooled thread 67] INFO  com.browserstack.utils.Helpers - null
23:28:32.239 [ApplicationImpl pooled thread 67] INFO  c.b.l.BrowserStackRunExtension - Agent path: null
23:30:33.593 [ApplicationImpl pooled thread 79] INFO  c.b.l.BrowserStackRunExtension - testng
23:30:33.593 [ApplicationImpl pooled thread 79] INFO  com.browserstack.utils.Helpers - null
23:30:33.593 [ApplicationImpl pooled thread 79] INFO  c.b.l.BrowserStackRunExtension - Agent path: null
23:35:08.551 [ApplicationImpl pooled thread 79] INFO  c.b.l.BrowserStackRunExtension - testng
23:35:08.551 [ApplicationImpl pooled thread 79] INFO  com.browserstack.utils.Helpers - null
23:35:08.553 [ApplicationImpl pooled thread 79] INFO  c.b.l.BrowserStackRunExtension - Agent path: null
23:43:28.397 [ApplicationImpl pooled thread 86] INFO  c.b.l.BrowserStackRunExtension - testng
23:43:28.397 [ApplicationImpl pooled thread 86] INFO  com.browserstack.utils.Helpers - null
23:43:28.397 [ApplicationImpl pooled thread 86] INFO  c.b.l.BrowserStackRunExtension - Agent path: null
23:44:20.023 [ApplicationImpl pooled thread 82] INFO  c.b.l.BrowserStackRunExtension - testng
23:44:20.023 [ApplicationImpl pooled thread 82] INFO  com.browserstack.utils.Helpers - null
23:44:20.023 [ApplicationImpl pooled thread 82] INFO  c.b.l.BrowserStackRunExtension - Agent path: null
23:58:03.000 [ApplicationImpl pooled thread 72] INFO  c.b.l.BrowserStackRunExtension - testng
23:58:03.000 [ApplicationImpl pooled thread 72] INFO  com.browserstack.utils.Helpers - null
23:58:03.000 [ApplicationImpl pooled thread 72] INFO  c.b.l.BrowserStackRunExtension - Agent path: null
00:02:25.348 [ApplicationImpl pooled thread 68] INFO  c.b.l.BrowserStackRunExtension - testng
00:02:25.348 [ApplicationImpl pooled thread 68] INFO  com.browserstack.utils.Helpers - null
00:02:25.348 [ApplicationImpl pooled thread 68] INFO  c.b.l.BrowserStackRunExtension - Agent path: null
00:18:18.775 [ApplicationImpl pooled thread 84] INFO  c.b.l.BrowserStackRunExtension - testng
00:18:18.775 [ApplicationImpl pooled thread 84] INFO  com.browserstack.utils.Helpers - null
00:18:18.775 [ApplicationImpl pooled thread 84] INFO  c.b.l.BrowserStackRunExtension - Agent path: null
00:23:35.707 [ApplicationImpl pooled thread 93] INFO  c.b.l.BrowserStackRunExtension - testng
00:23:35.707 [ApplicationImpl pooled thread 93] INFO  com.browserstack.utils.Helpers - null
00:23:35.707 [ApplicationImpl pooled thread 93] INFO  c.b.l.BrowserStackRunExtension - Agent path: null
00:59:38.120 [ApplicationImpl pooled thread 119] INFO  c.b.l.BrowserStackRunExtension - testng
00:59:38.120 [ApplicationImpl pooled thread 119] INFO  com.browserstack.utils.Helpers - null
00:59:38.120 [ApplicationImpl pooled thread 119] INFO  c.b.l.BrowserStackRunExtension - Agent path: null
01:01:14.821 [ApplicationImpl pooled thread 109] INFO  c.b.l.BrowserStackRunExtension - testng
01:01:14.821 [ApplicationImpl pooled thread 109] INFO  com.browserstack.utils.Helpers - null
01:01:14.821 [ApplicationImpl pooled thread 109] INFO  c.b.l.BrowserStackRunExtension - Agent path: null
01:02:20.885 [ApplicationImpl pooled thread 121] INFO  c.b.l.BrowserStackRunExtension - testng
01:02:20.885 [ApplicationImpl pooled thread 121] INFO  com.browserstack.utils.Helpers - null
01:02:20.885 [ApplicationImpl pooled thread 121] INFO  c.b.l.BrowserStackRunExtension - Agent path: null
01:04:31.704 [ApplicationImpl pooled thread 109] INFO  c.b.l.BrowserStackRunExtension - testng
01:04:31.704 [ApplicationImpl pooled thread 109] INFO  com.browserstack.utils.Helpers - null
01:04:31.704 [ApplicationImpl pooled thread 109] INFO  c.b.l.BrowserStackRunExtension - Agent path: null
01:07:50.854 [ApplicationImpl pooled thread 134] INFO  c.b.l.BrowserStackRunExtension - testng
01:07:50.854 [ApplicationImpl pooled thread 134] INFO  com.browserstack.utils.Helpers - null
01:07:50.854 [ApplicationImpl pooled thread 134] INFO  c.b.l.BrowserStackRunExtension - Agent path: null
01:12:49.811 [ApplicationImpl pooled thread 137] INFO  c.b.l.BrowserStackRunExtension - testng
01:12:49.815 [ApplicationImpl pooled thread 137] INFO  com.browserstack.utils.Helpers - null
01:12:49.815 [ApplicationImpl pooled thread 137] INFO  c.b.l.BrowserStackRunExtension - Agent path: null
01:16:59.456 [ApplicationImpl pooled thread 142] INFO  c.b.l.BrowserStackRunExtension - testng
01:16:59.459 [ApplicationImpl pooled thread 142] INFO  com.browserstack.utils.Helpers - null
01:16:59.459 [ApplicationImpl pooled thread 142] INFO  c.b.l.BrowserStackRunExtension - Agent path: null
01:18:38.794 [ApplicationImpl pooled thread 139] INFO  c.b.l.BrowserStackRunExtension - testng
01:18:38.794 [ApplicationImpl pooled thread 139] INFO  com.browserstack.utils.Helpers - null
01:18:38.808 [ApplicationImpl pooled thread 139] INFO  c.b.l.BrowserStackRunExtension - Agent path: null
15:50:37.379 [ApplicationImpl pooled thread 24] INFO  c.b.l.BrowserStackRunExtension - testng
15:50:37.383 [ApplicationImpl pooled thread 24] INFO  com.browserstack.utils.Helpers - null
15:50:37.383 [ApplicationImpl pooled thread 24] INFO  c.b.l.BrowserStackRunExtension - Agent path: null
15:55:16.680 [ApplicationImpl pooled thread 28] INFO  c.b.l.BrowserStackRunExtension - testng
15:55:16.680 [ApplicationImpl pooled thread 28] INFO  com.browserstack.utils.Helpers - null
15:55:16.680 [ApplicationImpl pooled thread 28] INFO  c.b.l.BrowserStackRunExtension - Agent path: null
16:11:15.092 [ApplicationImpl pooled thread 46] INFO  c.b.l.BrowserStackRunExtension - testng
16:11:15.092 [ApplicationImpl pooled thread 46] INFO  com.browserstack.utils.Helpers - null
16:11:15.094 [ApplicationImpl pooled thread 46] INFO  c.b.l.BrowserStackRunExtension - Agent path: null
16:12:37.541 [ApplicationImpl pooled thread 24] INFO  c.b.l.BrowserStackRunExtension - testng
16:12:37.541 [ApplicationImpl pooled thread 24] INFO  com.browserstack.utils.Helpers - null
16:12:37.543 [ApplicationImpl pooled thread 24] INFO  c.b.l.BrowserStackRunExtension - Agent path: null
13:09:07.149 [ApplicationImpl pooled thread 77] INFO  c.b.l.BrowserStackRunExtension - testng
13:09:07.149 [ApplicationImpl pooled thread 77] INFO  com.browserstack.utils.Helpers - null
13:09:07.149 [ApplicationImpl pooled thread 77] INFO  c.b.l.BrowserStackRunExtension - Agent path: null
13:11:07.457 [ApplicationImpl pooled thread 82] INFO  c.b.l.BrowserStackRunExtension - testng
13:11:07.457 [ApplicationImpl pooled thread 82] INFO  com.browserstack.utils.Helpers - null
13:11:07.457 [ApplicationImpl pooled thread 82] INFO  c.b.l.BrowserStackRunExtension - Agent path: null
13:14:44.632 [ApplicationImpl pooled thread 79] INFO  c.b.l.BrowserStackRunExtension - testng
13:14:44.632 [ApplicationImpl pooled thread 79] INFO  com.browserstack.utils.Helpers - null
13:14:44.632 [ApplicationImpl pooled thread 79] INFO  c.b.l.BrowserStackRunExtension - Agent path: null
13:22:25.097 [ApplicationImpl pooled thread 91] INFO  c.b.l.BrowserStackRunExtension - testng
13:22:25.097 [ApplicationImpl pooled thread 91] INFO  com.browserstack.utils.Helpers - null
13:22:25.097 [ApplicationImpl pooled thread 91] INFO  c.b.l.BrowserStackRunExtension - Agent path: null
13:28:44.846 [ApplicationImpl pooled thread 91] INFO  c.b.l.BrowserStackRunExtension - testng
13:28:44.846 [ApplicationImpl pooled thread 91] INFO  com.browserstack.utils.Helpers - null
13:28:44.846 [ApplicationImpl pooled thread 91] INFO  c.b.l.BrowserStackRunExtension - Agent path: null
14:54:12.888 [ApplicationImpl pooled thread 144] INFO  c.b.l.BrowserStackRunExtension - testng
14:54:12.888 [ApplicationImpl pooled thread 144] INFO  com.browserstack.utils.Helpers - null
14:54:12.890 [ApplicationImpl pooled thread 144] INFO  c.b.l.BrowserStackRunExtension - Agent path: null
14:59:10.392 [ApplicationImpl pooled thread 149] INFO  c.b.l.BrowserStackRunExtension - testng
14:59:10.392 [ApplicationImpl pooled thread 149] INFO  com.browserstack.utils.Helpers - null
14:59:10.393 [ApplicationImpl pooled thread 149] INFO  c.b.l.BrowserStackRunExtension - Agent path: null
15:02:00.094 [ApplicationImpl pooled thread 145] INFO  c.b.l.BrowserStackRunExtension - testng
15:02:00.094 [ApplicationImpl pooled thread 145] INFO  com.browserstack.utils.Helpers - null
15:02:00.095 [ApplicationImpl pooled thread 145] INFO  c.b.l.BrowserStackRunExtension - Agent path: null
15:59:19.165 [AWT-EventQueue-0] INFO  c.b.actions.DisableBrowserStack - Setting disable browserstack run update
15:59:19.189 [AWT-EventQueue-0] INFO  c.b.actions.EnableBrowserStack - Setting enable browserstack run update
17:50:41.123 [ApplicationImpl pooled thread 19] INFO  c.b.l.BrowserStackRunExtension - testng
17:50:41.133 [ApplicationImpl pooled thread 19] INFO  com.browserstack.utils.Helpers - null
17:50:41.134 [ApplicationImpl pooled thread 19] INFO  c.b.l.BrowserStackRunExtension - Agent path: null
19:49:19.726 [ApplicationImpl pooled thread 41] INFO  c.b.l.BrowserStackRunExtension - junit
19:49:19.726 [ApplicationImpl pooled thread 41] INFO  com.browserstack.utils.Helpers - null
19:49:19.726 [ApplicationImpl pooled thread 41] INFO  c.b.l.BrowserStackRunExtension - Agent path: null
19:59:25.865 [ApplicationImpl pooled thread 44] INFO  c.b.l.BrowserStackRunExtension - junit
19:59:25.865 [ApplicationImpl pooled thread 44] INFO  com.browserstack.utils.Helpers - null
19:59:25.865 [ApplicationImpl pooled thread 44] INFO  c.b.l.BrowserStackRunExtension - Agent path: null
20:13:24.551 [ApplicationImpl pooled thread 61] INFO  c.b.l.BrowserStackRunExtension - testng
20:13:24.551 [ApplicationImpl pooled thread 61] INFO  com.browserstack.utils.Helpers - null
20:13:24.551 [ApplicationImpl pooled thread 61] INFO  c.b.l.BrowserStackRunExtension - Agent path: null
20:20:42.725 [ApplicationImpl pooled thread 66] INFO  c.b.l.BrowserStackRunExtension - testng
20:20:42.725 [ApplicationImpl pooled thread 66] INFO  com.browserstack.utils.Helpers - null
20:20:42.725 [ApplicationImpl pooled thread 66] INFO  c.b.l.BrowserStackRunExtension - Agent path: null
21:18:00.510 [ApplicationImpl pooled thread 96] INFO  c.b.l.BrowserStackRunExtension - testng
21:18:00.510 [ApplicationImpl pooled thread 96] INFO  com.browserstack.utils.Helpers - null
21:18:00.512 [ApplicationImpl pooled thread 96] INFO  c.b.l.BrowserStackRunExtension - Agent path: null
21:23:07.224 [ApplicationImpl pooled thread 96] INFO  c.b.l.BrowserStackRunExtension - testng
21:23:07.224 [ApplicationImpl pooled thread 96] INFO  com.browserstack.utils.Helpers - null
21:23:07.224 [ApplicationImpl pooled thread 96] INFO  c.b.l.BrowserStackRunExtension - Agent path: null
21:25:50.934 [ApplicationImpl pooled thread 110] INFO  c.b.l.BrowserStackRunExtension - testng
21:25:50.934 [ApplicationImpl pooled thread 110] INFO  com.browserstack.utils.Helpers - null
21:25:50.934 [ApplicationImpl pooled thread 110] INFO  c.b.l.BrowserStackRunExtension - Agent path: null
21:28:16.556 [ApplicationImpl pooled thread 113] INFO  c.b.l.BrowserStackRunExtension - testng
21:28:16.556 [ApplicationImpl pooled thread 113] INFO  com.browserstack.utils.Helpers - null
21:28:16.556 [ApplicationImpl pooled thread 113] INFO  c.b.l.BrowserStackRunExtension - Agent path: null
21:48:05.569 [ApplicationImpl pooled thread 123] INFO  c.b.l.BrowserStackRunExtension - testng
21:48:05.569 [ApplicationImpl pooled thread 123] INFO  com.browserstack.utils.Helpers - null
21:48:05.569 [ApplicationImpl pooled thread 123] INFO  c.b.l.BrowserStackRunExtension - Agent path: null
21:50:01.956 [ApplicationImpl pooled thread 121] INFO  c.b.l.BrowserStackRunExtension - testng
21:50:01.956 [ApplicationImpl pooled thread 121] INFO  com.browserstack.utils.Helpers - null
21:50:01.956 [ApplicationImpl pooled thread 121] INFO  c.b.l.BrowserStackRunExtension - Agent path: null
21:53:59.941 [ApplicationImpl pooled thread 128] INFO  c.b.l.BrowserStackRunExtension - testng
21:53:59.941 [ApplicationImpl pooled thread 128] INFO  com.browserstack.utils.Helpers - null
21:53:59.957 [ApplicationImpl pooled thread 128] INFO  c.b.l.BrowserStackRunExtension - Agent path: null
21:55:04.532 [ApplicationImpl pooled thread 130] INFO  c.b.l.BrowserStackRunExtension - testng
21:55:04.532 [ApplicationImpl pooled thread 130] INFO  com.browserstack.utils.Helpers - null
21:55:04.532 [ApplicationImpl pooled thread 130] INFO  c.b.l.BrowserStackRunExtension - Agent path: null
22:01:13.667 [ApplicationImpl pooled thread 130] INFO  c.b.l.BrowserStackRunExtension - testng
22:01:13.667 [ApplicationImpl pooled thread 130] INFO  com.browserstack.utils.Helpers - null
22:01:13.667 [ApplicationImpl pooled thread 130] INFO  c.b.l.BrowserStackRunExtension - Agent path: null
22:04:20.729 [ApplicationImpl pooled thread 143] INFO  c.b.l.BrowserStackRunExtension - testng
22:04:20.729 [ApplicationImpl pooled thread 143] INFO  com.browserstack.utils.Helpers - null
22:04:20.729 [ApplicationImpl pooled thread 143] INFO  c.b.l.BrowserStackRunExtension - Agent path: null
22:05:27.461 [ApplicationImpl pooled thread 140] INFO  c.b.l.BrowserStackRunExtension - testng
22:05:27.461 [ApplicationImpl pooled thread 140] INFO  com.browserstack.utils.Helpers - null
22:05:27.461 [ApplicationImpl pooled thread 140] INFO  c.b.l.BrowserStackRunExtension - Agent path: null
15:44:43.370 [ApplicationImpl pooled thread 26] INFO  c.b.l.BrowserStackRunExtension - testng
15:44:43.374 [ApplicationImpl pooled thread 26] INFO  com.browserstack.utils.Helpers - null
15:44:43.376 [ApplicationImpl pooled thread 26] INFO  c.b.l.BrowserStackRunExtension - Agent path: null
15:51:26.470 [ApplicationImpl pooled thread 23] INFO  c.b.l.BrowserStackRunExtension - testng
15:51:26.470 [ApplicationImpl pooled thread 23] INFO  com.browserstack.utils.Helpers - null
15:51:26.472 [ApplicationImpl pooled thread 23] INFO  c.b.l.BrowserStackRunExtension - Agent path: null
16:13:56.440 [ApplicationImpl pooled thread 49] INFO  c.b.l.BrowserStackRunExtension - testng
16:13:56.440 [ApplicationImpl pooled thread 49] INFO  com.browserstack.utils.Helpers - null
16:13:56.440 [ApplicationImpl pooled thread 49] INFO  c.b.l.BrowserStackRunExtension - Agent path: null
16:19:33.297 [ApplicationImpl pooled thread 56] INFO  c.b.l.BrowserStackRunExtension - testng
16:19:33.297 [ApplicationImpl pooled thread 56] INFO  com.browserstack.utils.Helpers - null
16:19:33.313 [ApplicationImpl pooled thread 56] INFO  c.b.l.BrowserStackRunExtension - Agent path: null
16:22:54.666 [ApplicationImpl pooled thread 55] INFO  c.b.l.BrowserStackRunExtension - testng
16:22:54.666 [ApplicationImpl pooled thread 55] INFO  com.browserstack.utils.Helpers - null
16:22:54.666 [ApplicationImpl pooled thread 55] INFO  c.b.l.BrowserStackRunExtension - Agent path: null
16:27:12.843 [ApplicationImpl pooled thread 55] INFO  c.b.l.BrowserStackRunExtension - testng
16:27:12.843 [ApplicationImpl pooled thread 55] INFO  com.browserstack.utils.Helpers - null
16:27:12.843 [ApplicationImpl pooled thread 55] INFO  c.b.l.BrowserStackRunExtension - Agent path: null
16:41:23.478 [ApplicationImpl pooled thread 70] INFO  c.b.l.BrowserStackRunExtension - testng
16:41:23.478 [ApplicationImpl pooled thread 70] INFO  com.browserstack.utils.Helpers - null
16:41:23.478 [ApplicationImpl pooled thread 70] INFO  c.b.l.BrowserStackRunExtension - Agent path: null
17:05:02.551 [ApplicationImpl pooled thread 94] INFO  c.b.l.BrowserStackRunExtension - testng
17:05:02.551 [ApplicationImpl pooled thread 94] INFO  com.browserstack.utils.Helpers - null
17:05:02.569 [ApplicationImpl pooled thread 94] INFO  c.b.l.BrowserStackRunExtension - Agent path: null
17:16:44.051 [ApplicationImpl pooled thread 14] INFO  c.b.l.BrowserStackRunExtension - testng
17:16:44.057 [ApplicationImpl pooled thread 14] INFO  com.browserstack.utils.Helpers - null
17:16:44.057 [ApplicationImpl pooled thread 14] INFO  c.b.l.BrowserStackRunExtension - Agent path: null
17:22:16.834 [ApplicationImpl pooled thread 18] INFO  c.b.l.BrowserStackRunExtension - testng
17:22:16.834 [ApplicationImpl pooled thread 18] INFO  com.browserstack.utils.Helpers - null
17:22:16.834 [ApplicationImpl pooled thread 18] INFO  c.b.l.BrowserStackRunExtension - Agent path: null
17:25:36.059 [ApplicationImpl pooled thread 20] INFO  c.b.l.BrowserStackRunExtension - testng
17:25:36.059 [ApplicationImpl pooled thread 20] INFO  com.browserstack.utils.Helpers - null
17:25:36.059 [ApplicationImpl pooled thread 20] INFO  c.b.l.BrowserStackRunExtension - Agent path: null
17:33:22.046 [ApplicationImpl pooled thread 26] INFO  c.b.l.BrowserStackRunExtension - testng
17:33:22.046 [ApplicationImpl pooled thread 26] INFO  com.browserstack.utils.Helpers - null
17:33:22.046 [ApplicationImpl pooled thread 26] INFO  c.b.l.BrowserStackRunExtension - Agent path: null
17:36:14.310 [ApplicationImpl pooled thread 31] INFO  c.b.l.BrowserStackRunExtension - testng
17:36:14.310 [ApplicationImpl pooled thread 31] INFO  com.browserstack.utils.Helpers - null
17:36:14.310 [ApplicationImpl pooled thread 31] INFO  c.b.l.BrowserStackRunExtension - Agent path: null
17:46:17.292 [ApplicationImpl pooled thread 43] INFO  c.b.l.BrowserStackRunExtension - testng
17:46:17.292 [ApplicationImpl pooled thread 43] INFO  com.browserstack.utils.Helpers - null
17:46:17.292 [ApplicationImpl pooled thread 43] INFO  c.b.l.BrowserStackRunExtension - Agent path: null
17:50:29.954 [ApplicationImpl pooled thread 30] INFO  c.b.l.BrowserStackRunExtension - testng
17:50:29.954 [ApplicationImpl pooled thread 30] INFO  com.browserstack.utils.Helpers - null
17:50:29.956 [ApplicationImpl pooled thread 30] INFO  c.b.l.BrowserStackRunExtension - Agent path: null
17:54:43.868 [ApplicationImpl pooled thread 30] INFO  c.b.l.BrowserStackRunExtension - testng
17:54:43.868 [ApplicationImpl pooled thread 30] INFO  com.browserstack.utils.Helpers - null
17:54:43.868 [ApplicationImpl pooled thread 30] INFO  c.b.l.BrowserStackRunExtension - Agent path: null
18:02:53.246 [ApplicationImpl pooled thread 52] INFO  c.b.l.BrowserStackRunExtension - testng
18:02:53.246 [ApplicationImpl pooled thread 52] INFO  com.browserstack.utils.Helpers - null
18:02:53.260 [ApplicationImpl pooled thread 52] INFO  c.b.l.BrowserStackRunExtension - Agent path: null
18:06:09.918 [ApplicationImpl pooled thread 63] INFO  c.b.l.BrowserStackRunExtension - testng
18:06:09.918 [ApplicationImpl pooled thread 63] INFO  com.browserstack.utils.Helpers - null
18:06:09.918 [ApplicationImpl pooled thread 63] INFO  c.b.l.BrowserStackRunExtension - Agent path: null
18:09:47.856 [ApplicationImpl pooled thread 68] INFO  c.b.l.BrowserStackRunExtension - testng
18:09:47.856 [ApplicationImpl pooled thread 68] INFO  com.browserstack.utils.Helpers - null
18:09:47.856 [ApplicationImpl pooled thread 68] INFO  c.b.l.BrowserStackRunExtension - Agent path: null
14:55:07.284 [ApplicationImpl pooled thread 44] INFO  c.b.l.BrowserStackRunExtension - testng
14:55:07.290 [ApplicationImpl pooled thread 44] INFO  com.browserstack.utils.Helpers - null
14:55:07.290 [ApplicationImpl pooled thread 44] INFO  c.b.l.BrowserStackRunExtension - Agent path: null
15:07:07.745 [ApplicationImpl pooled thread 46] INFO  c.b.l.BrowserStackRunExtension - testng
15:07:07.745 [ApplicationImpl pooled thread 46] INFO  com.browserstack.utils.Helpers - null
15:07:07.745 [ApplicationImpl pooled thread 46] INFO  c.b.l.BrowserStackRunExtension - Agent path: null
16:15:56.935 [ApplicationImpl pooled thread 95] INFO  c.b.l.BrowserStackRunExtension - testng
16:15:56.935 [ApplicationImpl pooled thread 95] INFO  com.browserstack.utils.Helpers - null
16:15:56.935 [ApplicationImpl pooled thread 95] INFO  c.b.l.BrowserStackRunExtension - Agent path: null
16:19:19.847 [ApplicationImpl pooled thread 103] INFO  c.b.l.BrowserStackRunExtension - testng
16:19:19.847 [ApplicationImpl pooled thread 103] INFO  com.browserstack.utils.Helpers - null
16:19:19.847 [ApplicationImpl pooled thread 103] INFO  c.b.l.BrowserStackRunExtension - Agent path: null
17:10:52.840 [ApplicationImpl pooled thread 140] INFO  c.b.l.BrowserStackRunExtension - testng
17:10:52.840 [ApplicationImpl pooled thread 140] INFO  com.browserstack.utils.Helpers - null
17:10:52.840 [ApplicationImpl pooled thread 140] INFO  c.b.l.BrowserStackRunExtension - Agent path: null
17:16:06.374 [ApplicationImpl pooled thread 127] INFO  c.b.l.BrowserStackRunExtension - testng
17:16:06.374 [ApplicationImpl pooled thread 127] INFO  com.browserstack.utils.Helpers - null
17:16:06.374 [ApplicationImpl pooled thread 127] INFO  c.b.l.BrowserStackRunExtension - Agent path: null
